TN:
SF:src/App.css
FNF:0
FNH:0
LF:0
LH:0
BRF:0
BRH:0
end_of_record
TN:
SF:src/App.tsx
FN:23,(anonymous_0)
FN:31,(anonymous_1)
FN:35,(anonymous_2)
FN:41,(anonymous_3)
FN:96,App
FN:129,(anonymous_5)
FN:130,checkDb
FN:141,(anonymous_7)
FN:144,checkForUpdates
FN:157,(anonymous_9)
FN:162,(anonymous_10)
FN:171,(anonymous_11)
FN:184,(anonymous_12)
FN:191,(anonymous_13)
FN:197,(anonymous_14)
FN:200,(anonymous_15)
FN:203,(anonymous_16)
FN:212,(anonymous_17)
FN:216,(anonymous_18)
FN:223,(anonymous_19)
FN:226,(anonymous_20)
FN:233,(anonymous_21)
FN:238,(anonymous_22)
FN:241,(anonymous_23)
FN:261,(anonymous_24)
FN:273,(anonymous_25)
FN:280,(anonymous_26)
FN:286,(anonymous_27)
FN:300,(anonymous_28)
FN:307,handleImport
FN:336,loadRecord
FN:351,handleSearchClick
FN:377,handleCoverContextMenu
FN:385,pasteFromClipboard
FN:409,copyToClipboard
FN:430,copyCoverFilePath
FN:451,deleteCover
FN:476,openCoverLookup
FN:519,closeCoverLookup
FN:529,acceptCoverCandidate
FN:559,handleSave
FN:569,handleAdd
FN:580,handleDelete
FN:585,confirmDelete
FN:600,handleOpenReleasePage
FN:661,(anonymous_45)
FN:674,(anonymous_46)
FN:688,(anonymous_47)
FN:701,(anonymous_48)
FN:714,(anonymous_49)
FN:725,(anonymous_50)
FN:731,(anonymous_51)
FN:739,(anonymous_52)
FN:740,(anonymous_53)
FN:759,(anonymous_54)
FN:773,(anonymous_55)
FN:786,(anonymous_56)
FN:802,(anonymous_57)
FN:820,(anonymous_58)
FN:827,(anonymous_59)
FN:828,(anonymous_60)
FN:843,(anonymous_61)
FN:850,(anonymous_62)
FN:851,(anonymous_63)
FN:865,(anonymous_64)
FN:871,(anonymous_65)
FN:880,(anonymous_66)
FN:900,(anonymous_67)
FN:906,(anonymous_68)
FN:915,(anonymous_69)
FN:939,(anonymous_70)
FN:943,(anonymous_71)
FN:952,(anonymous_72)
FN:958,(anonymous_73)
FN:1001,(anonymous_74)
FN:1019,(anonymous_75)
FN:1023,(anonymous_76)
FN:1029,(anonymous_77)
FN:1033,(anonymous_78)
FN:1037,(anonymous_79)
FNF:80
FNH:13
FNDA:0,(anonymous_0)
FNDA:0,(anonymous_1)
FNDA:0,(anonymous_2)
FNDA:0,(anonymous_3)
FNDA:2,App
FNDA:1,(anonymous_5)
FNDA:1,checkDb
FNDA:1,(anonymous_7)
FNDA:1,checkForUpdates
FNDA:1,(anonymous_9)
FNDA:0,(anonymous_10)
FNDA:0,(anonymous_11)
FNDA:2,(anonymous_12)
FNDA:2,(anonymous_13)
FNDA:1,(anonymous_14)
FNDA:1,(anonymous_15)
FNDA:0,(anonymous_16)
FNDA:0,(anonymous_17)
FNDA:1,(anonymous_18)
FNDA:1,(anonymous_19)
FNDA:0,(anonymous_20)
FNDA:0,(anonymous_21)
FNDA:1,(anonymous_22)
FNDA:0,(anonymous_23)
FNDA:0,(anonymous_24)
FNDA:0,(anonymous_25)
FNDA:0,(anonymous_26)
FNDA:0,(anonymous_27)
FNDA:0,(anonymous_28)
FNDA:0,handleImport
FNDA:0,loadRecord
FNDA:0,handleSearchClick
FNDA:0,handleCoverContextMenu
FNDA:0,pasteFromClipboard
FNDA:0,copyToClipboard
FNDA:0,copyCoverFilePath
FNDA:0,deleteCover
FNDA:0,openCoverLookup
FNDA:0,closeCoverLookup
FNDA:0,acceptCoverCandidate
FNDA:0,handleSave
FNDA:0,handleAdd
FNDA:0,handleDelete
FNDA:0,confirmDelete
FNDA:0,handleOpenReleasePage
FNDA:0,(anonymous_45)
FNDA:0,(anonymous_46)
FNDA:0,(anonymous_47)
FNDA:0,(anonymous_48)
FNDA:0,(anonymous_49)
FNDA:0,(anonymous_50)
FNDA:0,(anonymous_51)
FNDA:0,(anonymous_52)
FNDA:0,(anonymous_53)
FNDA:0,(anonymous_54)
FNDA:0,(anonymous_55)
FNDA:0,(anonymous_56)
FNDA:0,(anonymous_57)
FNDA:0,(anonymous_58)
FNDA:0,(anonymous_59)
FNDA:0,(anonymous_60)
FNDA:0,(anonymous_61)
FNDA:0,(anonymous_62)
FNDA:0,(anonymous_63)
FNDA:0,(anonymous_64)
FNDA:0,(anonymous_65)
FNDA:0,(anonymous_66)
FNDA:0,(anonymous_67)
FNDA:0,(anonymous_68)
FNDA:0,(anonymous_69)
FNDA:0,(anonymous_70)
FNDA:0,(anonymous_71)
FNDA:0,(anonymous_72)
FNDA:0,(anonymous_73)
FNDA:0,(anonymous_74)
FNDA:0,(anonymous_75)
FNDA:0,(anonymous_76)
FNDA:0,(anonymous_77)
FNDA:0,(anonymous_78)
FNDA:0,(anonymous_79)
DA:22,1
DA:23,0
DA:31,0
DA:35,0
DA:41,1
DA:51,1
DA:97,2
DA:98,2
DA:99,2
DA:100,2
DA:101,2
DA:102,2
DA:103,2
DA:104,2
DA:105,2
DA:107,2
DA:108,2
DA:109,2
DA:110,2
DA:112,2
DA:113,2
DA:115,2
DA:116,2
DA:117,2
DA:118,2
DA:119,2
DA:120,2
DA:129,2
DA:131,1
DA:132,1
DA:133,1
DA:135,0
DA:138,1
DA:141,2
DA:142,1
DA:145,1
DA:146,1
DA:147,1
DA:148,1
DA:151,0
DA:155,1
DA:157,1
DA:158,1
DA:162,2
DA:163,0
DA:164,0
DA:165,0
DA:167,0
DA:171,2
DA:172,0
DA:173,0
DA:176,0
DA:177,0
DA:178,0
DA:180,0
DA:184,2
DA:185,2
DA:186,0
DA:187,0
DA:191,2
DA:192,2
DA:193,0
DA:197,2
DA:200,1
DA:201,1
DA:204,0
DA:205,0
DA:206,0
DA:207,0
DA:212,1
DA:213,0
DA:216,1
DA:217,1
DA:218,1
DA:223,2
DA:224,1
DA:226,0
DA:227,0
DA:228,0
DA:232,0
DA:233,0
DA:234,0
DA:238,2
DA:239,1
DA:241,0
DA:242,0
DA:243,0
DA:244,0
DA:247,0
DA:248,0
DA:252,0
DA:257,0
DA:258,0
DA:260,0
DA:261,0
DA:262,0
DA:273,0
DA:274,0
DA:275,0
DA:276,0
DA:280,0
DA:281,0
DA:282,0
DA:286,0
DA:287,0
DA:290,0
DA:291,0
DA:292,0
DA:294,0
DA:295,0
DA:296,0
DA:297,0
DA:300,0
DA:301,0
DA:302,0
DA:303,0
DA:308,0
DA:309,0
DA:313,0
DA:314,0
DA:315,0
DA:316,0
DA:317,0
DA:318,0
DA:319,0
DA:320,0
DA:321,0
DA:322,0
DA:324,0
DA:325,0
DA:327,0
DA:331,0
DA:332,0
DA:337,0
DA:338,0
DA:339,0
DA:340,0
DA:341,0
DA:344,0
DA:345,0
DA:346,0
DA:352,0
DA:353,0
DA:354,0
DA:355,0
DA:356,0
DA:357,0
DA:358,0
DA:359,0
DA:360,0
DA:361,0
DA:363,0
DA:367,0
DA:371,0
DA:373,0
DA:381,0
DA:382,0
DA:386,0
DA:387,0
DA:388,0
DA:391,0
DA:392,0
DA:397,0
DA:398,0
DA:400,0
DA:403,0
DA:404,0
DA:406,0
DA:410,0
DA:411,0
DA:412,0
DA:415,0
DA:416,0
DA:417,0
DA:418,0
DA:421,0
DA:422,0
DA:423,0
DA:425,0
DA:426,0
DA:431,0
DA:432,0
DA:433,0
DA:436,0
DA:437,0
DA:438,0
DA:439,0
DA:442,0
DA:443,0
DA:444,0
DA:446,0
DA:447,0
DA:452,0
DA:453,0
DA:454,0
DA:457,0
DA:458,0
DA:463,0
DA:464,0
DA:466,0
DA:469,0
DA:470,0
DA:473,0
DA:477,0
DA:478,0
DA:479,0
DA:482,0
DA:483,0
DA:491,0
DA:492,0
DA:500,0
DA:508,0
DA:509,0
DA:520,0
DA:530,0
DA:531,0
DA:534,0
DA:535,0
DA:536,0
DA:538,0
DA:539,0
DA:545,0
DA:546,0
DA:548,0
DA:551,0
DA:552,0
DA:554,0
DA:560,0
DA:561,0
DA:562,0
DA:563,0
DA:565,0
DA:570,0
DA:571,0
DA:572,0
DA:573,0
DA:575,0
DA:576,0
DA:581,0
DA:582,0
DA:586,0
DA:588,0
DA:589,0
DA:590,0
DA:591,0
DA:592,0
DA:593,0
DA:595,0
DA:596,0
DA:601,0
DA:603,0
DA:604,0
DA:606,0
DA:612,2
DA:613,1
DA:621,1
DA:622,1
DA:653,0
DA:662,0
DA:675,0
DA:689,0
DA:702,0
DA:715,0
DA:725,0
DA:732,0
DA:733,0
DA:737,0
DA:738,0
DA:739,0
DA:740,0
DA:760,0
DA:774,0
DA:787,0
DA:803,0
DA:820,0
DA:827,0
DA:828,0
DA:843,0
DA:850,0
DA:851,0
DA:865,0
DA:872,0
DA:873,0
DA:874,0
DA:875,0
DA:877,0
DA:881,0
DA:882,0
DA:900,0
DA:907,0
DA:908,0
DA:909,0
DA:910,0
DA:912,0
DA:916,0
DA:917,0
DA:939,0
DA:943,0
DA:952,0
DA:958,0
DA:1001,0
DA:1019,0
DA:1023,0
DA:1029,0
DA:1033,0
DA:1037,0
LF:306
LH:59
BRDA:147,0,0,1
BRDA:147,0,1,0
BRDA:185,1,0,0
BRDA:185,1,1,2
BRDA:192,2,0,0
BRDA:192,2,1,2
BRDA:192,3,0,2
BRDA:192,3,1,0
BRDA:205,4,0,0
BRDA:205,4,1,0
BRDA:206,5,0,0
BRDA:206,5,1,0
BRDA:207,6,0,0
BRDA:207,6,1,0
BRDA:217,7,0,1
BRDA:217,7,1,0
BRDA:224,8,0,1
BRDA:224,8,1,0
BRDA:227,9,0,0
BRDA:227,9,1,0
BRDA:239,10,0,1
BRDA:239,10,1,0
BRDA:243,11,0,0
BRDA:243,11,1,0
BRDA:260,12,0,0
BRDA:260,12,1,0
BRDA:260,13,0,0
BRDA:260,13,1,0
BRDA:262,14,0,0
BRDA:262,14,1,0
BRDA:275,15,0,0
BRDA:275,15,1,0
BRDA:275,16,0,0
BRDA:275,16,1,0
BRDA:275,16,2,0
BRDA:281,17,0,0
BRDA:281,17,1,0
BRDA:296,18,0,0
BRDA:296,18,1,0
BRDA:313,19,0,0
BRDA:313,19,1,0
BRDA:340,20,0,0
BRDA:340,20,1,0
BRDA:344,21,0,0
BRDA:344,21,1,0
BRDA:355,22,0,0
BRDA:355,22,1,0
BRDA:355,23,0,0
BRDA:355,23,1,0
BRDA:356,24,0,0
BRDA:356,24,1,0
BRDA:359,25,0,0
BRDA:359,25,1,0
BRDA:386,26,0,0
BRDA:386,26,1,0
BRDA:397,27,0,0
BRDA:397,27,1,0
BRDA:410,28,0,0
BRDA:410,28,1,0
BRDA:415,29,0,0
BRDA:415,29,1,0
BRDA:416,30,0,0
BRDA:416,30,1,0
BRDA:431,31,0,0
BRDA:431,31,1,0
BRDA:436,32,0,0
BRDA:436,32,1,0
BRDA:437,33,0,0
BRDA:437,33,1,0
BRDA:452,34,0,0
BRDA:452,34,1,0
BRDA:463,35,0,0
BRDA:463,35,1,0
BRDA:477,36,0,0
BRDA:477,36,1,0
BRDA:530,37,0,0
BRDA:530,37,1,0
BRDA:530,38,0,0
BRDA:530,38,1,0
BRDA:545,39,0,0
BRDA:545,39,1,0
BRDA:560,40,0,0
BRDA:560,40,1,0
BRDA:581,41,0,0
BRDA:581,41,1,0
BRDA:586,42,0,0
BRDA:586,42,1,0
BRDA:601,43,0,0
BRDA:601,43,1,0
BRDA:612,44,0,1
BRDA:612,44,1,1
BRDA:621,45,0,1
BRDA:621,45,1,0
BRDA:625,46,0,0
BRDA:625,46,1,1
BRDA:635,47,0,0
BRDA:635,47,1,0
BRDA:660,48,0,0
BRDA:660,48,1,0
BRDA:662,49,0,0
BRDA:662,49,1,0
BRDA:673,50,0,2
BRDA:673,50,1,0
BRDA:675,51,0,0
BRDA:675,51,1,0
BRDA:687,52,0,2
BRDA:687,52,1,0
BRDA:689,53,0,0
BRDA:689,53,1,0
BRDA:700,54,0,2
BRDA:700,54,1,0
BRDA:702,55,0,0
BRDA:702,55,1,0
BRDA:713,56,0,2
BRDA:713,56,1,0
BRDA:715,57,0,0
BRDA:715,57,1,0
BRDA:727,58,0,0
BRDA:727,58,1,0
BRDA:732,59,0,0
BRDA:732,59,1,0
BRDA:735,60,0,0
BRDA:735,60,1,0
BRDA:758,61,0,2
BRDA:758,61,1,0
BRDA:760,62,0,0
BRDA:760,62,1,0
BRDA:772,63,0,2
BRDA:772,63,1,0
BRDA:774,64,0,0
BRDA:774,64,1,0
BRDA:785,65,0,2
BRDA:785,65,1,0
BRDA:787,66,0,0
BRDA:787,66,1,0
BRDA:801,67,0,2
BRDA:801,67,1,0
BRDA:803,68,0,0
BRDA:803,68,1,0
BRDA:818,69,0,0
BRDA:818,69,1,0
BRDA:823,70,0,2
BRDA:823,70,1,0
BRDA:826,71,0,0
BRDA:826,71,1,0
BRDA:831,72,0,2
BRDA:831,72,1,0
BRDA:841,73,0,0
BRDA:841,73,1,0
BRDA:846,74,0,2
BRDA:846,74,1,0
BRDA:849,75,0,0
BRDA:849,75,1,0
BRDA:854,76,0,2
BRDA:854,76,1,0
BRDA:867,77,0,0
BRDA:867,77,1,0
BRDA:872,78,0,0
BRDA:872,78,1,0
BRDA:875,79,0,0
BRDA:875,79,1,0
BRDA:881,80,0,0
BRDA:881,80,1,0
BRDA:881,81,0,0
BRDA:881,81,1,0
BRDA:902,82,0,0
BRDA:902,82,1,0
BRDA:907,83,0,0
BRDA:907,83,1,0
BRDA:910,84,0,0
BRDA:910,84,1,0
BRDA:916,85,0,0
BRDA:916,85,1,0
BRDA:916,86,0,0
BRDA:916,86,1,0
BRDA:965,87,0,2
BRDA:965,87,1,0
BRDA:987,88,0,2
BRDA:987,88,1,0
BRDA:1013,89,0,2
BRDA:1013,89,1,0
BRDA:1026,90,0,0
BRDA:1026,90,1,0
BRDA:1027,91,0,0
BRDA:1027,91,1,0
BRF:185
BRH:26
end_of_record
TN:
SF:src/CoverLookupDialog.tsx
FN:17,openExternalUrl
FN:34,CoverLookupDialog
FN:81,(anonymous_2)
FN:83,(anonymous_3)
FN:97,(anonymous_4)
FN:112,(anonymous_5)
FN:120,(anonymous_6)
FN:122,(anonymous_7)
FN:130,(anonymous_8)
FN:146,(anonymous_9)
FN:148,(anonymous_10)
FNF:11
FNH:0
FNDA:0,openExternalUrl
FNDA:0,CoverLookupDialog
FNDA:0,(anonymous_2)
FNDA:0,(anonymous_3)
FNDA:0,(anonymous_4)
FNDA:0,(anonymous_5)
FNDA:0,(anonymous_6)
FNDA:0,(anonymous_7)
FNDA:0,(anonymous_8)
FNDA:0,(anonymous_9)
FNDA:0,(anonymous_10)
DA:21,0
DA:22,0
DA:24,0
DA:25,0
DA:26,0
DA:28,0
DA:30,0
DA:44,0
DA:46,0
DA:47,0
DA:50,0
DA:81,0
DA:83,0
DA:98,0
DA:112,0
DA:120,0
DA:122,0
DA:130,0
DA:146,0
DA:148,0
LF:20
LH:0
BRDA:46,0,0,0
BRDA:46,0,1,0
BRDA:46,1,0,0
BRDA:46,1,1,0
BRDA:72,2,0,0
BRDA:72,2,1,0
BRDA:73,3,0,0
BRDA:73,3,1,0
BRDA:73,3,2,0
BRDA:74,4,0,0
BRDA:74,4,1,0
BRDA:74,4,2,0
BRDA:74,4,3,0
BRDA:77,5,0,0
BRDA:77,5,1,0
BRDA:95,6,0,0
BRDA:95,6,1,0
BRDA:95,6,2,0
BRDA:136,7,0,0
BRDA:136,7,1,0
BRF:20
BRH:0
end_of_record
TN:
SF:src/appUtils.ts
FN:8,getImageSrc
FN:16,buildGoogleCoverSearchUrl
FN:22,(anonymous_2)
FN:23,(anonymous_3)
FNF:4
FNH:4
FNDA:2,getImageSrc
FNDA:2,buildGoogleCoverSearchUrl
FNDA:4,(anonymous_2)
FNDA:4,(anonymous_3)
DA:9,2
DA:10,1
DA:13,1
DA:17,2
DA:18,0
DA:21,2
DA:22,4
DA:23,4
DA:25,2
DA:26,1
DA:29,1
DA:31,1
DA:32,0
DA:35,1
LF:14
LH:12
BRDA:9,0,0,1
BRDA:9,0,1,1
BRDA:17,1,0,0
BRDA:17,1,1,2
BRDA:22,2,0,4
BRDA:22,2,1,0
BRDA:25,3,0,1
BRDA:25,3,1,1
BRDA:31,4,0,0
BRDA:31,4,1,1
BRF:10
BRH:7
end_of_record
TN:
SF:src/coverLookup.ts
FN:27,searchCoverCandidates
FN:31,importCoverFromUrl
FNF:2
FNH:2
FNDA:1,searchCoverCandidates
FNDA:1,importCoverFromUrl
DA:28,1
DA:36,1
LF:2
LH:2
BRF:0
BRH:0
end_of_record
TN:
SF:src/i18n/config.ts
FN:12,(anonymous_0)
FNF:1
FNH:1
FNDA:2,(anonymous_0)
DA:6,2
DA:12,2
DA:13,2
DA:14,2
DA:15,2
DA:18,2
LF:6
LH:6
BRDA:13,0,0,2
BRDA:13,0,1,0
BRDA:13,0,2,0
BRDA:15,1,0,2
BRDA:15,1,1,0
BRF:5
BRH:2
end_of_record
TN:
SF:src/i18n/en.json
FNF:0
FNH:0
LF:0
LH:0
BRF:0
BRH:0
end_of_record
TN:
SF:src/i18n/es.json
FNF:0
FNH:0
LF:0
LH:0
BRF:0
BRH:0
end_of_record
TN:
SF:src/test/mocks/tauri.ts
FN:19,(anonymous_0)
FN:57,(anonymous_1)
FN:58,(anonymous_2)
FN:58,(anonymous_3)
FN:59,(anonymous_4)
FN:60,(anonymous_5)
FN:61,(anonymous_6)
FN:63,resetTauriMocks
FN:68,(anonymous_8)
FN:71,(anonymous_9)
FNF:10
FNH:4
FNDA:2,(anonymous_0)
FNDA:0,(anonymous_1)
FNDA:0,(anonymous_2)
FNDA:0,(anonymous_3)
FNDA:0,(anonymous_4)
FNDA:0,(anonymous_5)
FNDA:0,(anonymous_6)
FNDA:7,resetTauriMocks
FNDA:1,(anonymous_8)
FNDA:1,(anonymous_9)
DA:3,2
DA:19,2
DA:20,2
DA:22,0
DA:24,1
DA:26,0
DA:28,0
DA:30,0
DA:32,0
DA:34,0
DA:36,0
DA:38,0
DA:40,0
DA:42,0
DA:44,1
DA:46,0
DA:48,0
DA:50,0
DA:52,0
DA:56,2
DA:57,2
DA:58,2
DA:59,2
DA:60,2
DA:61,2
DA:64,7
DA:65,7
DA:67,7
DA:68,7
DA:70,7
DA:71,7
DA:73,7
DA:74,7
DA:76,7
DA:77,7
DA:79,7
DA:80,7
LF:37
LH:23
BRDA:20,0,0,0
BRDA:20,0,1,1
BRDA:20,0,2,0
BRDA:20,0,3,0
BRDA:20,0,4,0
BRDA:20,0,5,0
BRDA:20,0,6,0
BRDA:20,0,7,0
BRDA:20,0,8,0
BRDA:20,0,9,0
BRDA:20,0,10,0
BRDA:20,0,11,1
BRDA:20,0,12,0
BRDA:20,0,13,0
BRDA:20,0,14,0
BRDA:20,0,15,0
BRF:16
BRH:2
end_of_record
